<?xml version="1.0" encoding="UTF-8"?>
<testng-results ignored="0" total="2" passed="2" failed="0" skipped="0">
  <reporter-output>
  </reporter-output>
  <suite started-at="2024-11-19T16:55:11 IST" name="Suite" finished-at="2024-11-19T16:55:11 IST" duration-ms="27">
    <groups>
    </groups>
    <test started-at="2024-11-19T16:55:11 IST" name="Test" finished-at="2024-11-19T16:55:11 IST" duration-ms="27">
      <class name="Chatowl.apptest">
        <test-method signature="testlogin1()[pri:0, instance:Chatowl.apptest@38afe297]" started-at="2024-11-19T16:55:11 IST" name="testlogin1" finished-at="2024-11-19T16:55:11 IST" duration-ms="9" status="PASS">
          <reporter-output>
          </reporter-output>
        </test-method> <!-- testlogin1 -->
        <test-method signature="testlogin3()[pri:0, instance:Chatowl.apptest@38afe297]" started-at="2024-11-19T16:55:11 IST" name="testlogin3" finished-at="2024-11-19T16:55:11 IST" duration-ms="1" status="PASS">
          <reporter-output>
          </reporter-output>
        </test-method> <!-- testlogin3 -->
      </class> <!-- Chatowl.apptest -->
    </test> <!-- Test -->
  </suite> <!-- Suite -->
</testng-results>
